#-----------------------------------------------------------
# Vivado v2018.2 (64-bit)
# SW Build 2258646 on Thu Jun 14 20:03:12 MDT 2018
# IP Build 2256618 on Thu Jun 14 22:10:49 MDT 2018
# Start of session at: Tue Apr  2 20:31:13 2019
# Process ID: 14796
# Current directory: E:/Vivado/2018.2/lab_3_RF
# Command line: vivado.exe -gui_launcher_event rodinguilauncherevent15740 E:\Vivado\2018.2\lab_3_RF\lab_3_RF.xpr
# Log file: E:/Vivado/2018.2/lab_3_RF/vivado.log
# Journal file: E:/Vivado/2018.2/lab_3_RF\vivado.jou
#-----------------------------------------------------------sstart_guioopen_project E:/Vivado/2018.2/lab_3_RF/lab_3_RF.xprScanning sources...
Finished scanning sources
IINFO: [IP_Flow 19-234] Refreshing IP repositoriesIINFO: [IP_Flow 19-1704] No user IP repositories specifiedIINFO: [IP_Flow 19-2313] Loaded Vivado IP repository 'E:/Vivado/2018.2/data/ip'.oopen_project: Time (s): cpu = 00:00:21 ; elapsed = 00:00:22 . Memory (MB): peak = 719.191 ; gain = 43.133update_compile_order -fileset sources_1
eclose_project
open_project E:/Vivado/2018.2/lab_3_FIFO/lab_3_FIFO.xpr
Scanning sources...
Finished scanning sources
INFO: [IP_Flow 19-234] Refreshing IP repositories
INFO: [IP_Flow 19-1704] No user IP repositories specified
INFO: [IP_Flow 19-2313] Loaded Vivado IP repository 'E:/Vivado/2018.2/data/ip'.
update_compile_order -fileset sources_1
exit
INFO: [Common 17-206] Exiting Vivado at Tue Apr  2 23:29:21 2019...
